{"level":"info","message":"GET /api/videos","timestamp":"2024-10-01T22:57:01.972Z"}
{"level":"info","message":"GET /api/videos","timestamp":"2024-10-01T22:57:02.142Z"}
{"level":"info","message":"GET /api/videos","timestamp":"2024-10-01T22:57:14.677Z"}
{"level":"info","message":"GET /api/videos","timestamp":"2024-10-01T22:57:14.698Z"}
{"level":"info","message":"POST /api/auth/login","timestamp":"2024-10-01T23:00:40.373Z"}
{"level":"info","message":"GET /api/videos","timestamp":"2024-10-01T23:00:40.618Z"}
{"level":"info","message":"GET /api/videos","timestamp":"2024-10-01T23:00:40.823Z"}
{"level":"info","message":"POST /api/auth/login","timestamp":"2024-10-01T23:01:15.643Z"}
{"level":"info","message":"GET /api/videos","timestamp":"2024-10-01T23:01:16.056Z"}
{"level":"info","message":"GET /api/videos","timestamp":"2024-10-01T23:01:16.312Z"}
{"level":"info","message":"GET /api/videos","timestamp":"2024-10-01T23:01:41.380Z"}
{"level":"info","message":"GET /api/videos","timestamp":"2024-10-01T23:01:41.399Z"}
{"level":"info","message":"POST /api/auth/login","timestamp":"2024-10-01T23:02:00.888Z"}
{"level":"info","message":"GET /api/videos","timestamp":"2024-10-01T23:02:01.036Z"}
{"level":"info","message":"GET /api/videos","timestamp":"2024-10-01T23:02:01.064Z"}
{"level":"info","message":"POST /api/videos/upload","timestamp":"2024-10-01T23:02:10.155Z"}
{"level":"info","message":"GET /api/videos","timestamp":"2024-10-01T23:02:10.416Z"}
{"level":"info","message":"GET /api/videos","timestamp":"2024-10-01T23:10:49.895Z"}
{"level":"info","message":"GET /api/videos","timestamp":"2024-10-01T23:10:49.917Z"}
{"level":"info","message":"GET /api/videos","timestamp":"2024-10-01T23:12:07.639Z"}
{"level":"info","message":"GET /api/videos","timestamp":"2024-10-01T23:12:07.680Z"}
{"level":"info","message":"POST /api/auth/login","timestamp":"2024-10-01T23:12:27.106Z"}
{"level":"info","message":"GET /api/videos","timestamp":"2024-10-01T23:12:27.368Z"}
{"level":"info","message":"GET /api/videos","timestamp":"2024-10-01T23:12:27.538Z"}
{"level":"info","message":"GET /api/videos","timestamp":"2024-10-01T23:20:08.413Z"}
{"level":"info","message":"GET /api/videos","timestamp":"2024-10-01T23:20:08.431Z"}
{"level":"info","message":"POST /api/auth/login","timestamp":"2024-10-01T23:20:22.994Z"}
{"level":"info","message":"GET /api/videos","timestamp":"2024-10-01T23:20:23.445Z"}
{"level":"info","message":"GET /api/videos","timestamp":"2024-10-01T23:20:23.698Z"}
{"level":"info","message":"GET /api/videos","timestamp":"2024-10-01T23:24:53.068Z"}
{"level":"info","message":"GET /api/videos","timestamp":"2024-10-01T23:24:53.082Z"}
{"level":"info","message":"GET /api/videos","timestamp":"2024-10-01T23:24:53.111Z"}
{"level":"info","message":"GET /api/videos","timestamp":"2024-10-01T23:24:53.123Z"}
{"level":"info","message":"POST /api/auth/login","timestamp":"2024-10-01T23:25:37.403Z"}
{"level":"info","message":"GET /api/videos","timestamp":"2024-10-01T23:25:37.843Z"}
{"level":"info","message":"GET /api/videos","timestamp":"2024-10-01T23:25:38.091Z"}
{"level":"info","message":"GET /api/videos","timestamp":"2024-10-01T23:26:28.551Z"}
{"level":"info","message":"GET /api/videos","timestamp":"2024-10-01T23:26:28.567Z"}
{"level":"info","message":"GET /api/videos","timestamp":"2024-10-01T23:26:29.800Z"}
{"level":"info","message":"GET /api/videos","timestamp":"2024-10-01T23:26:29.821Z"}
{"level":"info","message":"POST /api/auth/login","timestamp":"2024-10-01T23:26:43.659Z"}
{"level":"info","message":"GET /api/videos","timestamp":"2024-10-01T23:26:44.078Z"}
{"level":"info","message":"GET /api/videos","timestamp":"2024-10-01T23:26:44.342Z"}
{"level":"info","message":"GET /api/videos","timestamp":"2024-10-01T23:33:51.668Z"}
{"level":"info","message":"GET /api/videos","timestamp":"2024-10-01T23:33:51.685Z"}
{"level":"info","message":"POST /api/auth/login","timestamp":"2024-10-01T23:34:00.742Z"}
{"level":"info","message":"POST /api/auth/login","timestamp":"2024-10-01T23:36:32.486Z"}
{"level":"info","message":"POST /api/auth/login","timestamp":"2024-10-01T23:37:09.901Z"}
{"level":"info","message":"POST /api/auth/login","timestamp":"2024-10-01T23:37:30.431Z"}
{"level":"info","message":"GET /api/videos","timestamp":"2024-10-01T23:37:30.701Z"}
{"level":"info","message":"GET /api/videos","timestamp":"2024-10-01T23:37:30.862Z"}
{"level":"info","message":"POST /api/auth/login","timestamp":"2024-10-01T23:37:38.369Z"}
{"level":"info","message":"POST /api/auth/login","timestamp":"2024-10-01T23:38:57.774Z"}
{"level":"info","message":"POST /api/auth/login","timestamp":"2024-10-01T23:43:54.919Z"}
{"level":"info","message":"POST /api/auth/login","timestamp":"2024-10-01T23:47:22.967Z"}
{"level":"info","message":"POST /api/auth/login","timestamp":"2024-10-01T23:50:00.084Z"}
{"level":"info","message":"POST /api/auth/login","timestamp":"2024-10-01T23:50:18.830Z"}
{"level":"info","message":"POST /api/auth/login","timestamp":"2024-10-01T23:54:40.483Z"}
{"level":"info","message":"POST /api/auth/login","timestamp":"2024-10-01T23:55:13.712Z"}
{"level":"info","message":"POST /api/auth/login","timestamp":"2024-10-01T23:56:07.567Z"}
{"level":"info","message":"GET /api/videos","timestamp":"2024-10-01T23:56:17.261Z"}
{"level":"info","message":"GET /api/videos","timestamp":"2024-10-01T23:56:17.513Z"}
{"level":"info","message":"POST /api/auth/login","timestamp":"2024-10-01T23:56:36.662Z"}
{"level":"info","message":"POST /api/auth/login","timestamp":"2024-10-02T00:04:22.347Z"}
{"level":"info","message":"POST /api/auth/login","timestamp":"2024-10-02T00:05:32.215Z"}
{"level":"info","message":"POST /api/auth/login","timestamp":"2024-10-02T00:06:14.316Z"}
{"level":"info","message":"POST /api/auth/login","timestamp":"2024-10-02T00:06:21.143Z"}
{"level":"info","message":"POST /api/auth/login","timestamp":"2024-10-02T00:06:30.980Z"}
{"level":"info","message":"POST /api/auth/login","timestamp":"2024-10-02T00:06:58.423Z"}
{"level":"info","message":"POST /api/auth/login","timestamp":"2024-10-02T00:07:33.075Z"}
{"level":"info","message":"POST /api/auth/login","timestamp":"2024-10-02T00:19:15.729Z"}
{"level":"info","message":"POST /api/auth/login","timestamp":"2024-10-02T00:21:03.975Z"}
{"level":"info","message":"POST /api/auth/login","timestamp":"2024-10-02T00:21:27.722Z"}
{"level":"info","message":"POST /api/auth/login","timestamp":"2024-10-02T00:23:30.528Z"}
{"level":"info","message":"POST /api/auth/login","timestamp":"2024-10-02T00:24:18.692Z"}
{"level":"info","message":"GET /path-to-your-image/landing-illustration.png","timestamp":"2024-10-02T19:13:36.282Z"}
{"level":"info","message":"GET /path-to-your-image/landing-illustration.png","timestamp":"2024-10-02T19:14:47.550Z"}
{"level":"info","message":"GET /path-to-your-image/landing-illustration.png","timestamp":"2024-10-02T19:14:51.406Z"}
{"level":"info","message":"GET /path-to-your-image/landing-illustration.png","timestamp":"2024-10-02T19:16:35.769Z"}
{"level":"info","message":"GET /path-to-your-image/landing-illustration.png","timestamp":"2024-10-02T19:18:36.118Z"}
{"level":"info","message":"GET /.png","timestamp":"2024-10-02T19:22:41.543Z"}
{"level":"info","message":"GET /path-to-your-image/landing-illustration.png","timestamp":"2024-10-02T19:23:06.534Z"}
{"level":"info","message":"GET /public/landing-illustration.png","timestamp":"2024-10-02T19:23:14.537Z"}
{"level":"info","message":"GET /public/video.png","timestamp":"2024-10-02T19:23:20.634Z"}
{"level":"info","message":"GET /public/video.jpg","timestamp":"2024-10-02T19:23:24.041Z"}
{"level":"info","message":"GET /public/video.jpg","timestamp":"2024-10-02T19:23:26.468Z"}
{"level":"info","message":"GET /images/landing-illustration.png","timestamp":"2024-10-02T19:45:37.273Z"}
{"level":"info","message":"GET /images/landing-illustration.png","timestamp":"2024-10-02T19:45:41.142Z"}
{"level":"info","message":"GET /.png","timestamp":"2024-10-02T19:46:08.555Z"}
{"level":"info","message":"GET /video.png","timestamp":"2024-10-02T19:46:11.557Z"}
{"level":"info","message":"GET /images/landing-illustration.png","timestamp":"2024-10-02T19:52:05.578Z"}
{"level":"info","message":"GET /images/landing-illustration.png","timestamp":"2024-10-02T19:52:12.622Z"}
{"level":"info","message":"GET /images/landing-illustration.png","timestamp":"2024-10-02T19:53:53.011Z"}
{"level":"info","message":"GET /images/landing-illustration.png","timestamp":"2024-10-02T19:54:05.524Z"}
{"level":"info","message":"GET /images/landing-illustration.png","timestamp":"2024-10-02T19:54:27.994Z"}
{"level":"info","message":"POST /api/auth/login","timestamp":"2024-10-02T20:28:11.236Z"}
{"level":"info","message":"GET /api/videos","timestamp":"2024-10-02T20:28:14.599Z"}
{"level":"info","message":"GET /api/videos","timestamp":"2024-10-02T20:28:14.939Z"}
{"level":"info","message":"POST /api/videos/upload","timestamp":"2024-10-02T20:28:24.618Z"}
{"level":"info","message":"GET /api/videos","timestamp":"2024-10-02T20:28:25.758Z"}
{"level":"info","message":"POST /api/videos/upload","timestamp":"2024-10-02T20:28:59.086Z"}
{"level":"info","message":"GET /api/videos","timestamp":"2024-10-02T20:28:59.904Z"}
{"level":"info","message":"GET /api/videos","timestamp":"2024-10-02T20:29:52.348Z"}
{"level":"info","message":"GET /api/videos","timestamp":"2024-10-02T20:29:52.402Z"}
{"level":"info","message":"POST /api/videos/upload","timestamp":"2024-10-02T20:30:01.943Z"}
{"level":"info","message":"GET /api/videos","timestamp":"2024-10-02T20:30:02.331Z"}
{"level":"info","message":"POST /api/auth/register","timestamp":"2024-10-02T20:38:52.181Z"}
{"level":"info","message":"POST /api/auth/login","timestamp":"2024-10-02T20:39:01.745Z"}
{"level":"info","message":"GET /api/videos","timestamp":"2024-10-02T20:39:04.296Z"}
{"level":"info","message":"GET /api/videos","timestamp":"2024-10-02T20:39:04.564Z"}
